Start testing: Jun 09 20:15 ?D1¨²¡À¨º¡Á?¨º¡À??
----------------------------------------------------------
1/6 Testing: eth_in
1/6 Test: eth_in
Command: "D:/ComputerNetworkLab/net-lab-master/build/eth_in.exe" "D:/ComputerNetworkLab/net-lab-master/testing/data/eth_in"
Directory: D:/ComputerNetworkLab/net-lab-master/build
"eth_in" start time: Jun 09 20:15 ?D1¨²¡À¨º¡Á?¨º¡À??
Output:
----------------------------------------------------------
[0;34mTest start
[0;34mFeeding input 010102030405060708091011121314151617[0;34m
Sample input all processed, checking output
[0;34mChecking log file(compare with demo).
[0;32mRound 1: no differences
[0;32mRound 2: no differences
[0;32mRound 3: no differences
[0;32mRound 4: no differences
[0;32mRound 5: no differences
[0;32mRound 6: no differences
[0;32mRound 7: no differences
[0;32mRound 8: no differences
[0;32mRound 9: no differences
[0;32mRound 10: no differences
[0;32mRound 11: no differences
[0;32mRound 12: no differences
[0;32mRound 13: no differences
[0;32mRound 14: no differences
[0;32mRound 15: no differences
[0;32mRound 16: no differences
[0;32mRound 17: no differences
[1;32m====> All log rounds are the same to the demo.
[0m
<end of output>
Test time =   0.07 sec
----------------------------------------------------------
Test Passed.
"eth_in" end time: Jun 09 20:15 ?D1¨²¡À¨º¡Á?¨º¡À??
"eth_in" time elapsed: 00:00:00
----------------------------------------------------------

2/6 Testing: eth_out
2/6 Test: eth_out
Command: "D:/ComputerNetworkLab/net-lab-master/build/eth_out.exe" "D:/ComputerNetworkLab/net-lab-master/testing/data/eth_out"
Directory: D:/ComputerNetworkLab/net-lab-master/build
"eth_out" start time: Jun 09 20:15 ?D1¨²¡À¨º¡Á?¨º¡À??
Output:
----------------------------------------------------------
[0;34mTest start
[0;34mFeeding input 010102030405060708091011121314151617[0;34m
Sample input all processed, checking output
[0;34mChecking log file(compare with demo).
[0;32mRound 1: no differences
[0;32mRound 2: no differences
[0;32mRound 3: no differences
[0;32mRound 4: no differences
[0;32mRound 5: no differences
[0;32mRound 6: no differences
[0;32mRound 7: no differences
[0;32mRound 8: no differences
[0;32mRound 9: no differences
[0;32mRound 10: no differences
[0;32mRound 11: no differences
[0;32mRound 12: no differences
[0;32mRound 13: no differences
[0;32mRound 14: no differences
[0;32mRound 15: no differences
[0;32mRound 16: no differences
[0;32mRound 17: no differences
[1;32m====> All log rounds are the same to the demo.
[0m[0;34mChecking pcap output file(compare with demo).
[0;32mPacket 1: no differences
[0;32mPacket 2: no differences
[0;32mPacket 3: no differences
[0;32mPacket 4: no differences
[0;32mPacket 5: no differences
[0;32mPacket 6: no differences
[0;32mPacket 7: no differences
[0;32mPacket 8: no differences
[0;32mPacket 9: no differences
[0;32mPacket 10: no differences
[0;32mPacket 11: no differences
[0;32mPacket 12: no differences
[0;32mPacket 13: no differences
[0;32mPacket 14: no differences
[0;32mPacket 15: no differences
[0;32mPacket 16: no differences
[0;32mPacket 17: no differences
[1;32m====> All packets are the same to the demo.
[0m
<end of output>
Test time =   0.07 sec
----------------------------------------------------------
Test Passed.
"eth_out" end time: Jun 09 20:15 ?D1¨²¡À¨º¡Á?¨º¡À??
"eth_out" time elapsed: 00:00:00
----------------------------------------------------------

3/6 Testing: arp_test
3/6 Test: arp_test
Command: "D:/ComputerNetworkLab/net-lab-master/build/arp_test.exe" "D:/ComputerNetworkLab/net-lab-master/testing/data/arp_test"
Directory: D:/ComputerNetworkLab/net-lab-master/build
"arp_test" start time: Jun 09 20:15 ?D1¨²¡À¨º¡Á?¨º¡À??
Output:
----------------------------------------------------------
[0;34mTest begin.
[0;34mTest start
[0;34mFeeding input 01010203040506070809101112131415[0;34m
Sample input all processed, checking output
[0;34mChecking log file(compare with demo).
[0;32mRound 1: no differences
[0;32mRound 2: no differences
[0;32mRound 3: no differences
[0;32mRound 4: no differences
[0;32mRound 5: no differences
[0;32mRound 6: no differences
[0;32mRound 7: no differences
[0;32mRound 8: no differences
[0;32mRound 9: no differences
[0;32mRound 10: no differences
[0;32mRound 11: no differences
[0;32mRound 12: no differences
[0;32mRound 13: no differences
[0;32mRound 14: no differences
[0;32mRound 15: no differences
[1;32m====> All log rounds are the same to the demo.
[0m[0;34mChecking pcap output file(compare with demo).
[0;32mPacket 1: no differences
[0;32mPacket 2: no differences
[0;32mPacket 3: no differences
[0;32mPacket 4: no differences
[0;32mPacket 5: no differences
[0;32mPacket 6: no differences
[0;32mPacket 7: no differences
[0;32mPacket 8: no differences
[0;32mPacket 9: no differences
[1;32m====> All packets are the same to the demo.
[0m[1;33mFor this test, log is only a reference. Your implementation is OK if your pcap file is the same to the demo pcap file.
[0m
<end of output>
Test time =   0.08 sec
----------------------------------------------------------
Test Passed.
"arp_test" end time: Jun 09 20:15 ?D1¨²¡À¨º¡Á?¨º¡À??
"arp_test" time elapsed: 00:00:00
----------------------------------------------------------

4/6 Testing: ip_test
4/6 Test: ip_test
Command: "D:/ComputerNetworkLab/net-lab-master/build/ip_test.exe" "D:/ComputerNetworkLab/net-lab-master/testing/data/ip_test"
Directory: D:/ComputerNetworkLab/net-lab-master/build
"ip_test" start time: Jun 09 20:15 ?D1¨²¡À¨º¡Á?¨º¡À??
Output:
----------------------------------------------------------
[0;34mTest begin.
[0;34mFeeding input 01010203040506070809101112131415[0;34m
Sample input all processed, checking output
[0;34mChecking log file(compare with demo).
[0;32mRound 1: no differences
[0;32mRound 2: no differences
[0;32mRound 3: no differences
[0;32mRound 4: no differences
[0;32mRound 5: no differences
[0;32mRound 6: no differences
[0;32mRound 7: no differences
[0;32mRound 8: no differences
[0;32mRound 9: no differences
[0;32mRound 10: no differences
[0;32mRound 11: no differences
[0;32mRound 12: no differences
[0;32mRound 13: no differences
[0;32mRound 14: no differences
[0;32mRound 15: no differences
[1;32m====> All log rounds are the same to the demo.
[0m[0;34mChecking pcap output file(compare with demo).
[0;32mPacket 1: no differences
[0;32mPacket 2: no differences
[0;32mPacket 3: no differences
[0;32mPacket 4: no differences
[0;32mPacket 5: no differences
[0;32mPacket 6: no differences
[0;32mPacket 7: no differences
[0;32mPacket 8: no differences
[0;32mPacket 9: no differences
[1;32m====> All packets are the same to the demo.
[0m[1;33mFor this test, log is only a reference. Your implementation is OK if your pcap file is the same to the demo pcap file.
[0m
<end of output>
Test time =   0.08 sec
----------------------------------------------------------
Test Passed.
"ip_test" end time: Jun 09 20:15 ?D1¨²¡À¨º¡Á?¨º¡À??
"ip_test" time elapsed: 00:00:00
----------------------------------------------------------

5/6 Testing: ip_frag_test
5/6 Test: ip_frag_test
Command: "D:/ComputerNetworkLab/net-lab-master/build/ip_frag_test.exe" "D:/ComputerNetworkLab/net-lab-master/testing/data/ip_frag_test"
Directory: D:/ComputerNetworkLab/net-lab-master/build
"ip_frag_test" start time: Jun 09 20:15 ?D1¨²¡À¨º¡Á?¨º¡À??
Output:
----------------------------------------------------------
[0;34mFeeding input.
[0;34mComparing logs.
[1;32mLog file check passed
[0m
<end of output>
Test time =   0.06 sec
----------------------------------------------------------
Test Passed.
"ip_frag_test" end time: Jun 09 20:15 ?D1¨²¡À¨º¡Á?¨º¡À??
"ip_frag_test" time elapsed: 00:00:00
----------------------------------------------------------

6/6 Testing: icmp_test
6/6 Test: icmp_test
Command: "D:/ComputerNetworkLab/net-lab-master/build/icmp_test.exe" "D:/ComputerNetworkLab/net-lab-master/testing/data/icmp_test"
Directory: D:/ComputerNetworkLab/net-lab-master/build
"icmp_test" start time: Jun 09 20:15 ?D1¨²¡À¨º¡Á?¨º¡À??
Output:
----------------------------------------------------------
[0;34mTest begin.
[0;34mFeeding input 01010203040506070809101112131415[0;34m
Sample input all processed, checking output
[0;34mChecking log file(compare with demo).
[0;32mRound 1: no differences
[0;32mRound 2: no differences
[0;32mRound 3: no differences
[0;32mRound 4: no differences
[0;32mRound 5: no differences
[0;32mRound 6: no differences
[0;32mRound 7: no differences
[0;32mRound 8: no differences
[0;32mRound 9: no differences
[0;32mRound 10: no differences
[0;32mRound 11: no differences
[0;32mRound 12: no differences
[0;32mRound 13: no differences
[0;32mRound 14: no differences
[0;32mRound 15: no differences
[1;32m====> All log rounds are the same to the demo.
[0m[0;34mChecking pcap output file(compare with demo).
[0;32mPacket 1: no differences
[0;32mPacket 2: no differences
[0;32mPacket 3: no differences
[0;32mPacket 4: no differences
[0;32mPacket 5: no differences
[0;32mPacket 6: no differences
[0;32mPacket 7: no differences
[0;32mPacket 8: no differences
[0;32mPacket 9: no differences
[0;32mPacket 10: no differences
[0;32mPacket 11: no differences
[0;32mPacket 12: no differences
[0;32mPacket 13: no differences
[1;32m====> All packets are the same to the demo.
[0m[1;33mFor this test, log is only a reference. Your implementation is OK if your pcap file is the same to the demo pcap file.
[0m
<end of output>
Test time =   0.07 sec
----------------------------------------------------------
Test Passed.
"icmp_test" end time: Jun 09 20:15 ?D1¨²¡À¨º¡Á?¨º¡À??
"icmp_test" time elapsed: 00:00:00
----------------------------------------------------------

End testing: Jun 09 20:15 ?D1¨²¡À¨º¡Á?¨º¡À??
